<?xml version="1.0" encoding="UTF-8"?>
<!-- Generated by org.testng.reporters.JUnitReportReporter -->
<testsuite hostname="DESKTOP-KTHKFE5" failures="0" tests="7" name="tests.Products_test" time="3.957" errors="0" timestamp="08 May 2020 12:11:35 GMT" skipped="0">
  <testcase classname="tests.Products_test" name="t03_addListItems" time="0.324"/>
  <testcase classname="tests.Products_test" name="t04_lowToHigh" time="0.093"/>
  <testcase classname="tests.Products_test" name="t02_addOneItemAndBack" time="0.260"/>
  <testcase classname="tests.Products_test" name="t06_ZToA" time="0.084"/>
  <testcase classname="tests.Products_test" name="t07_logOut" time="0.220"/>
  <testcase classname="tests.Products_test" name="t05_highToLowh" time="0.073"/>
  <testcase classname="tests.Products_test" name="t01_loginSucceed" time="2.903"/>
</testsuite> <!-- tests.Products_test -->
