<?xml version="1.0" encoding="UTF-8"?>
<!-- Generated by org.testng.reporters.JUnitReportReporter -->
<testsuite hostname="DESKTOP-KTHKFE5" failures="0" tests="9" name="tests.Overview_test" time="3.106" errors="0" timestamp="08 May 2020 12:11:35 GMT" skipped="0">
  <testcase classname="tests.Overview_test" name="t09_finish" time="0.129"/>
  <testcase classname="tests.Overview_test" name="t06_printItemTotal" time="0.032"/>
  <testcase classname="tests.Overview_test" name="t08_printTotal" time="0.032"/>
  <testcase classname="tests.Overview_test" name="t04_personalCorrectDetails" time="0.404"/>
  <testcase classname="tests.Overview_test" name="t02_addListItems" time="0.408"/>
  <testcase classname="tests.Overview_test" name="t01_loginSucceed" time="1.915"/>
  <testcase classname="tests.Overview_test" name="t07_printTax" time="0.034"/>
  <testcase classname="tests.Overview_test" name="t05_printSauceCard" time="0.033"/>
  <testcase classname="tests.Overview_test" name="t03_clickCheckOut" time="0.119"/>
</testsuite> <!-- tests.Overview_test -->
