<?xml version="1.0" encoding="UTF-8"?>
<!-- Generated by org.testng.reporters.JUnitReportReporter -->
<testsuite hostname="DESKTOP-KTHKFE5" failures="0" tests="9" name="tests.Thanks_test" time="3.501" errors="0" timestamp="08 May 2020 12:11:35 GMT" skipped="0">
  <testcase classname="tests.Thanks_test" name="t05_finish" time="0.126"/>
  <testcase classname="tests.Thanks_test" name="t04_personalCorrectDetails" time="0.410"/>
  <testcase classname="tests.Thanks_test" name="t02_addListItems" time="0.396"/>
  <testcase classname="tests.Thanks_test" name="t07_finishOrder" time="0.012"/>
  <testcase classname="tests.Thanks_test" name="t01_loginSucceed" time="1.904"/>
  <testcase classname="tests.Thanks_test" name="t06_printMessage" time="0.039"/>
  <testcase classname="tests.Thanks_test" name="t08_captureScreenshot" time="0.319"/>
  <testcase classname="tests.Thanks_test" name="t03_clickCheckOut" time="0.112"/>
  <testcase classname="tests.Thanks_test" name="t09_logOut" time="0.183"/>
</testsuite> <!-- tests.Thanks_test -->
