<?xml version="1.0" encoding="UTF-8"?>
<!-- Generated by org.testng.reporters.JUnitReportReporter -->
<testsuite hostname="DESKTOP-KTHKFE5" failures="0" tests="6" name="tests.Cart_test" time="3.692" errors="0" timestamp="08 May 2020 12:11:35 GMT" skipped="0">
  <testcase classname="tests.Cart_test" name="t01_loginSucceed" time="1.906"/>
  <testcase classname="tests.Cart_test" name="t06_clickCheckOut" time="0.108"/>
  <testcase classname="tests.Cart_test" name="t04_continueShopping" time="0.192"/>
  <testcase classname="tests.Cart_test" name="t03_remvoeItem" time="0.052"/>
  <testcase classname="tests.Cart_test" name="t02_addListItems" time="0.404"/>
  <testcase classname="tests.Cart_test" name="t05_numOfItems" time="1.030"/>
</testsuite> <!-- tests.Cart_test -->
