<?xml version="1.0" encoding="UTF-8"?>
<!-- Generated by org.testng.reporters.JUnitReportReporter -->
<testsuite hostname="DESKTOP-KTHKFE5" failures="0" tests="5" name="tests.Checkout_test" time="5.132" errors="0" timestamp="08 May 2020 12:11:35 GMT" skipped="0">
  <testcase classname="tests.Checkout_test" name="t04_personalWrongFirstName" time="2.347"/>
  <testcase classname="tests.Checkout_test" name="t03_clickCheckOut" time="0.117"/>
  <testcase classname="tests.Checkout_test" name="t02_addListItems" time="0.412"/>
  <testcase classname="tests.Checkout_test" name="t01_loginSucceed" time="1.922"/>
  <testcase classname="tests.Checkout_test" name="t05_personalCorrectDetails" time="0.334"/>
</testsuite> <!-- tests.Checkout_test -->
