<?xml version="1.0" encoding="UTF-8"?>
<!-- Generated by org.testng.reporters.JUnitReportReporter -->
<testsuite skipped="0" hostname="DESKTOP-KTHKFE5" name="tests.inventory_test" tests="9" failures="0" timestamp="2020-11-29T16:32:56 IST" time="6.947" errors="0">
  <testcase name="t02_addOneItemAndBack" time="0.334" classname="tests.inventory_test"/>
  <system-out/>
  <testcase name="t06_ZToA" time="0.111" classname="tests.inventory_test"/>
  <system-out/>
  <testcase name="t01_loginSucceed" time="4.651" classname="tests.inventory_test"/>
  <system-out/>
  <testcase name="t05_highToLowh" time="0.123" classname="tests.inventory_test"/>
  <system-out/>
  <testcase name="t03_addListItems" time="0.388" classname="tests.inventory_test"/>
  <system-out/>
  <testcase name="t07_logOut" time="0.293" classname="tests.inventory_test"/>
  <system-out/>
  <testcase name="t04_lowToHigh" time="0.129" classname="tests.inventory_test"/>
  <system-out/>
  <testcase name="getStatusCode" time="0.472" classname="tests.inventory_test"/>
  <system-out/>
  <testcase name="getResponseTime" time="0.446" classname="tests.inventory_test"/>
  <system-out/>
</testsuite> <!-- tests.inventory_test -->
