<?xml version="1.0" encoding="UTF-8"?>
<!-- Generated by org.testng.reporters.JUnitReportReporter -->
<testsuite skipped="0" hostname="DESKTOP-KTHKFE5" name="tests.checkout_step_one_test" tests="7" failures="0" timestamp="2020-11-29T16:11:42 IST" time="7.129" errors="0">
  <testcase name="t05_personalCorrectDetails" time="0.618" classname="tests.checkout_step_one_test"/>
  <system-out/>
  <testcase name="t01_loginSucceed" time="2.267" classname="tests.checkout_step_one_test"/>
  <system-out/>
  <testcase name="getResponseTime" time="0.471" classname="tests.checkout_step_one_test"/>
  <system-out/>
  <testcase name="t02_addListItems" time="0.583" classname="tests.checkout_step_one_test"/>
  <system-out/>
  <testcase name="t03_clickCheckOut" time="0.205" classname="tests.checkout_step_one_test"/>
  <system-out/>
  <testcase name="t04_personalWrongFirstName" time="2.530" classname="tests.checkout_step_one_test"/>
  <system-out/>
  <testcase name="getStatusCode" time="0.455" classname="tests.checkout_step_one_test"/>
  <system-out/>
</testsuite> <!-- tests.checkout_step_one_test -->
