<?xml version="1.0" encoding="UTF-8"?>
<!-- Generated by org.testng.reporters.JUnitReportReporter -->
<testsuite skipped="0" hostname="DESKTOP-KTHKFE5" name="tests.checkout_complete_test" tests="10" failures="0" timestamp="2020-11-29T16:11:42 IST" time="5.736" errors="0">
  <testcase name="t05_finish" time="0.264" classname="tests.checkout_complete_test"/>
  <system-out/>
  <testcase name="t04_personalCorrectDetails" time="0.661" classname="tests.checkout_complete_test"/>
  <system-out/>
  <testcase name="t06_printMessage" time="0.063" classname="tests.checkout_complete_test"/>
  <system-out/>
  <testcase name="t07_finishOrder" time="0.016" classname="tests.checkout_complete_test"/>
  <system-out/>
  <testcase name="t09_logOut" time="0.264" classname="tests.checkout_complete_test"/>
  <system-out/>
  <testcase name="getResponseTime" time="0.483" classname="tests.checkout_complete_test"/>
  <system-out/>
  <testcase name="t01_loginSucceed" time="2.730" classname="tests.checkout_complete_test"/>
  <system-out/>
  <testcase name="t02_addListItems" time="0.577" classname="tests.checkout_complete_test"/>
  <system-out/>
  <testcase name="t03_clickCheckOut" time="0.202" classname="tests.checkout_complete_test"/>
  <system-out/>
  <testcase name="getStatusCode" time="0.476" classname="tests.checkout_complete_test"/>
  <system-out/>
</testsuite> <!-- tests.checkout_complete_test -->
