<?xml version="1.0" encoding="UTF-8"?>
<!-- Generated by org.testng.reporters.JUnitReportReporter -->
<testsuite skipped="0" hostname="DESKTOP-KTHKFE5" name="tests.checkout_step_one_test" tests="7" failures="0" timestamp="2020-11-29T16:32:56 IST" time="7.251" errors="0">
  <testcase name="t02_addListItems" time="0.563" classname="tests.checkout_step_one_test"/>
  <system-out/>
  <testcase name="t04_personalWrongFirstName" time="2.504" classname="tests.checkout_step_one_test"/>
  <system-out/>
  <testcase name="getResponseTime" time="0.472" classname="tests.checkout_step_one_test"/>
  <system-out/>
  <testcase name="t05_personalCorrectDetails" time="0.583" classname="tests.checkout_step_one_test"/>
  <system-out/>
  <testcase name="t01_loginSucceed" time="2.199" classname="tests.checkout_step_one_test"/>
  <system-out/>
  <testcase name="getStatusCode" time="0.740" classname="tests.checkout_step_one_test"/>
  <system-out/>
  <testcase name="t03_clickCheckOut" time="0.190" classname="tests.checkout_step_one_test"/>
  <system-out/>
</testsuite> <!-- tests.checkout_step_one_test -->
