<?xml version="1.0" encoding="UTF-8"?>
<!-- Generated by org.testng.reporters.JUnitReportReporter -->
<testsuite skipped="0" hostname="DESKTOP-KTHKFE5" name="tests.cart_test" tests="8" failures="0" timestamp="2020-11-29T16:32:56 IST" time="5.153" errors="0">
  <testcase name="getResponseTime" time="0.440" classname="tests.cart_test"/>
  <system-out/>
  <testcase name="t05_numOfItems" time="1.074" classname="tests.cart_test"/>
  <system-out/>
  <testcase name="t03_remvoeItem" time="0.073" classname="tests.cart_test"/>
  <system-out/>
  <testcase name="t02_addListItems" time="0.568" classname="tests.cart_test"/>
  <system-out/>
  <testcase name="t01_loginSucceed" time="2.126" classname="tests.cart_test"/>
  <system-out/>
  <testcase name="getStatusCode" time="0.475" classname="tests.cart_test"/>
  <system-out/>
  <testcase name="t06_clickCheckOut" time="0.197" classname="tests.cart_test"/>
  <system-out/>
  <testcase name="t04_continueShopping" time="0.200" classname="tests.cart_test"/>
  <system-out/>
</testsuite> <!-- tests.cart_test -->
