<?xml version="1.0" encoding="UTF-8"?>
<!-- Generated by org.testng.reporters.JUnitReportReporter -->
<testsuite skipped="0" hostname="DESKTOP-KTHKFE5" name="tests.checkout_complete_test" tests="10" failures="0" timestamp="2020-11-29T16:32:56 IST" time="5.089" errors="0">
  <testcase name="getStatusCode" time="0.472" classname="tests.checkout_complete_test"/>
  <system-out/>
  <testcase name="t09_logOut" time="0.258" classname="tests.checkout_complete_test"/>
  <system-out/>
  <testcase name="t04_personalCorrectDetails" time="0.640" classname="tests.checkout_complete_test"/>
  <system-out/>
  <testcase name="getResponseTime" time="0.469" classname="tests.checkout_complete_test"/>
  <system-out/>
  <testcase name="t01_loginSucceed" time="2.111" classname="tests.checkout_complete_test"/>
  <system-out/>
  <testcase name="t06_printMessage" time="0.065" classname="tests.checkout_complete_test"/>
  <system-out/>
  <testcase name="t07_finishOrder" time="0.025" classname="tests.checkout_complete_test"/>
  <system-out/>
  <testcase name="t03_clickCheckOut" time="0.205" classname="tests.checkout_complete_test"/>
  <system-out/>
  <testcase name="t05_finish" time="0.283" classname="tests.checkout_complete_test"/>
  <system-out/>
  <testcase name="t02_addListItems" time="0.561" classname="tests.checkout_complete_test"/>
  <system-out/>
</testsuite> <!-- tests.checkout_complete_test -->
