<?xml version="1.0" encoding="UTF-8"?>
<!-- Generated by org.testng.reporters.JUnitReportReporter -->
<testsuite skipped="0" hostname="DESKTOP-KTHKFE5" name="tests.base_test" tests="2" failures="0" timestamp="2020-11-29T16:11:42 IST" time="1.770" errors="0">
  <testcase name="getResponseTime" time="1.317" classname="tests.base_test"/>
  <system-out/>
  <testcase name="getStatusCode" time="0.453" classname="tests.base_test"/>
  <system-out/>
</testsuite> <!-- tests.base_test -->
