<?xml version="1.0" encoding="UTF-8"?>
<!-- Generated by org.testng.reporters.JUnitReportReporter -->
<testsuite skipped="0" hostname="DESKTOP-KTHKFE5" name="tests.cart_test" tests="8" failures="0" timestamp="2020-11-29T16:11:42 IST" time="5.220" errors="0">
  <testcase name="t06_clickCheckOut" time="0.206" classname="tests.cart_test"/>
  <system-out/>
  <testcase name="getResponseTime" time="0.456" classname="tests.cart_test"/>
  <system-out/>
  <testcase name="t03_remvoeItem" time="0.070" classname="tests.cart_test"/>
  <system-out/>
  <testcase name="t04_continueShopping" time="0.197" classname="tests.cart_test"/>
  <system-out/>
  <testcase name="t01_loginSucceed" time="2.152" classname="tests.cart_test"/>
  <system-out/>
  <testcase name="t05_numOfItems" time="1.075" classname="tests.cart_test"/>
  <system-out/>
  <testcase name="t02_addListItems" time="0.573" classname="tests.cart_test"/>
  <system-out/>
  <testcase name="getStatusCode" time="0.491" classname="tests.cart_test"/>
  <system-out/>
</testsuite> <!-- tests.cart_test -->
