<?xml version="1.0" encoding="UTF-8"?>
<!-- Generated by org.testng.reporters.JUnitReportReporter -->
<testsuite skipped="0" hostname="DESKTOP-KTHKFE5" name="tests.inventory_test" tests="9" failures="0" timestamp="2020-11-29T16:11:42 IST" time="6.172" errors="0">
  <testcase name="t05_highToLowh" time="0.118" classname="tests.inventory_test"/>
  <system-out/>
  <testcase name="t03_addListItems" time="0.375" classname="tests.inventory_test"/>
  <system-out/>
  <testcase name="t04_lowToHigh" time="0.125" classname="tests.inventory_test"/>
  <system-out/>
  <testcase name="t06_ZToA" time="0.116" classname="tests.inventory_test"/>
  <system-out/>
  <testcase name="t02_addOneItemAndBack" time="0.336" classname="tests.inventory_test"/>
  <system-out/>
  <testcase name="t07_logOut" time="0.292" classname="tests.inventory_test"/>
  <system-out/>
  <testcase name="t01_loginSucceed" time="3.862" classname="tests.inventory_test"/>
  <system-out/>
  <testcase name="getStatusCode" time="0.479" classname="tests.inventory_test"/>
  <system-out/>
  <testcase name="getResponseTime" time="0.469" classname="tests.inventory_test"/>
  <system-out/>
</testsuite> <!-- tests.inventory_test -->
