<?xml version="1.0" encoding="UTF-8"?>
<!-- Generated by org.testng.reporters.JUnitReportReporter -->
<testsuite skipped="0" hostname="DESKTOP-KTHKFE5" name="tests.checkout_step_two_test" tests="11" failures="0" timestamp="2020-11-29T16:32:56 IST" time="5.205" errors="0">
  <testcase name="t03_clickCheckOut" time="0.201" classname="tests.checkout_step_two_test"/>
  <system-out/>
  <testcase name="t08_printTotal" time="0.046" classname="tests.checkout_step_two_test"/>
  <system-out/>
  <testcase name="t01_loginSucceed" time="2.203" classname="tests.checkout_step_two_test"/>
  <system-out/>
  <testcase name="t05_printSauceCard" time="0.059" classname="tests.checkout_step_two_test"/>
  <system-out/>
  <testcase name="t07_printTax" time="0.047" classname="tests.checkout_step_two_test"/>
  <system-out/>
  <testcase name="t04_personalCorrectDetails" time="0.643" classname="tests.checkout_step_two_test"/>
  <system-out/>
  <testcase name="getStatusCode" time="0.476" classname="tests.checkout_step_two_test"/>
  <system-out/>
  <testcase name="t09_finish" time="0.443" classname="tests.checkout_step_two_test"/>
  <system-out/>
  <testcase name="t02_addListItems" time="0.560" classname="tests.checkout_step_two_test"/>
  <system-out/>
  <testcase name="t06_printItemTotal" time="0.047" classname="tests.checkout_step_two_test"/>
  <system-out/>
  <testcase name="getResponseTime" time="0.480" classname="tests.checkout_step_two_test"/>
  <system-out/>
</testsuite> <!-- tests.checkout_step_two_test -->
