<?xml version="1.0" encoding="UTF-8"?>
<!-- Generated by org.testng.reporters.JUnitReportReporter -->
<testsuite skipped="0" hostname="DESKTOP-KTHKFE5" name="tests.base_test" tests="2" failures="0" timestamp="2020-11-29T16:32:56 IST" time="1.714" errors="0">
  <testcase name="getStatusCode" time="0.498" classname="tests.base_test"/>
  <system-out/>
  <testcase name="getResponseTime" time="1.216" classname="tests.base_test"/>
  <system-out/>
</testsuite> <!-- tests.base_test -->
